<?xml version="1.0" encoding="UTF-8"?>
<testsuite name="com.guusto.service.merchant.db.impl.JDBCMerchantRepositoryTest" tests="4" skipped="0" failures="0" errors="0" timestamp="2022-03-07T06:15:27" hostname="LAPTOP-6M9HPGVJ" time="0.774">
  <properties/>
  <testcase name="getMerchantsForSubstringAndCountry()" classname="com.guusto.service.merchant.db.impl.JDBCMerchantRepositoryTest" time="0.768"/>
  <testcase name="getMerchantsForSubstring()" classname="com.guusto.service.merchant.db.impl.JDBCMerchantRepositoryTest" time="0.001"/>
  <testcase name="getAllMerchants()" classname="com.guusto.service.merchant.db.impl.JDBCMerchantRepositoryTest" time="0.002"/>
  <testcase name="getMerchantsFromCountry()" classname="com.guusto.service.merchant.db.impl.JDBCMerchantRepositoryTest" time="0.002"/>
  <system-out><![CDATA[]]></system-out>
  <system-err><![CDATA[]]></system-err>
</testsuite>
